<?xml version="1.0" encoding="UTF-8"?>
<!-- Generated by org.testng.reporters.JUnitXMLReporter -->
<testsuite ignored="0" hostname="DESKTOP-6A3ROV2" failures="0" tests="10" name="Default test" time="2.388" errors="0" timestamp="2025-01-24T20:39:10 IST">
  <testcase classname="Demo.TestNGProj.DataProviderDemo" name="loginTest" time="0.016"/>
  <testcase classname="Demo.TestNGProj.DataProviderDemo" name="loginTest" time="0.004"/>
  <testcase classname="Demo.TestNGProj.DataProviderDemo" name="loginTest" time="0.005"/>
  <testcase classname="Demo.TestNGProj.DataProviderDemo" name="loginTest" time="0.005"/>
  <testcase classname="Demo.TestNGProj.DataProviderDemo" name="loginTest" time="0.003"/>
  <testcase classname="Demo.TestNGProj.DataProviderDemo" name="loginTest" time="0.004"/>
  <testcase classname="Demo.TestNGProj.DataProviderDemo" name="loginTest" time="0.006"/>
  <testcase classname="Demo.TestNGProj.DataProviderDemo" name="loginTest" time="0.003"/>
  <testcase classname="Demo.TestNGProj.DataProviderDemo" name="loginTest" time="0.004"/>
  <testcase classname="Demo.TestNGProj.DataProviderDemo" name="loginTest" time="0.008"/>
</testsuite> <!-- Default test -->
