<?xml version="1.0" encoding="UTF-8"?>
<testng-results ignored="0" total="10" passed="10" failed="0" skipped="0">
  <reporter-output>
  </reporter-output>
  <suite started-at="2025-01-24T20:39:07 IST" name="Default suite" finished-at="2025-01-24T20:39:10 IST" duration-ms="2388">
    <groups>
    </groups>
    <test started-at="2025-01-24T20:39:07 IST" name="Default test" finished-at="2025-01-24T20:39:10 IST" duration-ms="2388">
      <class name="Demo.TestNGProj.DataProviderDemo">
        <test-method signature="loginTest(java.lang.String,java.lang.String)[pri:0, instance:Demo.TestNGProj.DataProviderDemo@4b741d6d]" started-at="2025-01-24T20:39:09 IST" name="loginTest" data-provider="getData" finished-at="2025-01-24T20:39:09 IST" duration-ms="16" status="PASS">
          <params>
            <param index="0">
              <value is-null="true"/>
            </param>
            <param index="1">
              <value is-null="true"/>
            </param>
          </params>
          <reporter-output>
          </reporter-output>
        </test-method> <!-- loginTest -->
        <test-method signature="loginTest(java.lang.String,java.lang.String)[pri:0, instance:Demo.TestNGProj.DataProviderDemo@4b741d6d]" started-at="2025-01-24T20:39:09 IST" name="loginTest" data-provider="getData" finished-at="2025-01-24T20:39:09 IST" duration-ms="4" status="PASS">
          <params>
            <param index="0">
              <value>
                <![CDATA[1]]>
              </value>
            </param>
            <param index="1">
              <value>
                <![CDATA[411014]]>
              </value>
            </param>
          </params>
          <reporter-output>
          </reporter-output>
        </test-method> <!-- loginTest -->
        <test-method signature="loginTest(java.lang.String,java.lang.String)[pri:0, instance:Demo.TestNGProj.DataProviderDemo@4b741d6d]" started-at="2025-01-24T20:39:09 IST" name="loginTest" data-provider="getData" finished-at="2025-01-24T20:39:09 IST" duration-ms="5" status="PASS">
          <params>
            <param index="0">
              <value>
                <![CDATA[2]]>
              </value>
            </param>
            <param index="1">
              <value>
                <![CDATA[411015]]>
              </value>
            </param>
          </params>
          <reporter-output>
          </reporter-output>
        </test-method> <!-- loginTest -->
        <test-method signature="loginTest(java.lang.String,java.lang.String)[pri:0, instance:Demo.TestNGProj.DataProviderDemo@4b741d6d]" started-at="2025-01-24T20:39:09 IST" name="loginTest" data-provider="getData" finished-at="2025-01-24T20:39:09 IST" duration-ms="5" status="PASS">
          <params>
            <param index="0">
              <value>
                <![CDATA[3]]>
              </value>
            </param>
            <param index="1">
              <value>
                <![CDATA[411016]]>
              </value>
            </param>
          </params>
          <reporter-output>
          </reporter-output>
        </test-method> <!-- loginTest -->
        <test-method signature="loginTest(java.lang.String,java.lang.String)[pri:0, instance:Demo.TestNGProj.DataProviderDemo@4b741d6d]" started-at="2025-01-24T20:39:09 IST" name="loginTest" data-provider="getData" finished-at="2025-01-24T20:39:09 IST" duration-ms="3" status="PASS">
          <params>
            <param index="0">
              <value>
                <![CDATA[4]]>
              </value>
            </param>
            <param index="1">
              <value>
                <![CDATA[411017]]>
              </value>
            </param>
          </params>
          <reporter-output>
          </reporter-output>
        </test-method> <!-- loginTest -->
        <test-method signature="loginTest(java.lang.String,java.lang.String)[pri:0, instance:Demo.TestNGProj.DataProviderDemo@4b741d6d]" started-at="2025-01-24T20:39:09 IST" name="loginTest" data-provider="getData" finished-at="2025-01-24T20:39:09 IST" duration-ms="4" status="PASS">
          <params>
            <param index="0">
              <value>
                <![CDATA[5]]>
              </value>
            </param>
            <param index="1">
              <value>
                <![CDATA[411018]]>
              </value>
            </param>
          </params>
          <reporter-output>
          </reporter-output>
        </test-method> <!-- loginTest -->
        <test-method signature="loginTest(java.lang.String,java.lang.String)[pri:0, instance:Demo.TestNGProj.DataProviderDemo@4b741d6d]" started-at="2025-01-24T20:39:09 IST" name="loginTest" data-provider="getData" finished-at="2025-01-24T20:39:09 IST" duration-ms="6" status="PASS">
          <params>
            <param index="0">
              <value>
                <![CDATA[6]]>
              </value>
            </param>
            <param index="1">
              <value>
                <![CDATA[411019]]>
              </value>
            </param>
          </params>
          <reporter-output>
          </reporter-output>
        </test-method> <!-- loginTest -->
        <test-method signature="loginTest(java.lang.String,java.lang.String)[pri:0, instance:Demo.TestNGProj.DataProviderDemo@4b741d6d]" started-at="2025-01-24T20:39:09 IST" name="loginTest" data-provider="getData" finished-at="2025-01-24T20:39:09 IST" duration-ms="3" status="PASS">
          <params>
            <param index="0">
              <value>
                <![CDATA[7]]>
              </value>
            </param>
            <param index="1">
              <value>
                <![CDATA[411020]]>
              </value>
            </param>
          </params>
          <reporter-output>
          </reporter-output>
        </test-method> <!-- loginTest -->
        <test-method signature="loginTest(java.lang.String,java.lang.String)[pri:0, instance:Demo.TestNGProj.DataProviderDemo@4b741d6d]" started-at="2025-01-24T20:39:09 IST" name="loginTest" data-provider="getData" finished-at="2025-01-24T20:39:09 IST" duration-ms="4" status="PASS">
          <params>
            <param index="0">
              <value>
                <![CDATA[8]]>
              </value>
            </param>
            <param index="1">
              <value>
                <![CDATA[411021]]>
              </value>
            </param>
          </params>
          <reporter-output>
          </reporter-output>
        </test-method> <!-- loginTest -->
        <test-method signature="loginTest(java.lang.String,java.lang.String)[pri:0, instance:Demo.TestNGProj.DataProviderDemo@4b741d6d]" started-at="2025-01-24T20:39:09 IST" name="loginTest" data-provider="getData" finished-at="2025-01-24T20:39:09 IST" duration-ms="8" status="PASS">
          <params>
            <param index="0">
              <value>
                <![CDATA[9]]>
              </value>
            </param>
            <param index="1">
              <value>
                <![CDATA[411022]]>
              </value>
            </param>
          </params>
          <reporter-output>
          </reporter-output>
        </test-method> <!-- loginTest -->
      </class> <!-- Demo.TestNGProj.DataProviderDemo -->
    </test> <!-- Default test -->
  </suite> <!-- Default suite -->
</testng-results>
